shimroz1992


token : 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Started GET "/" for ::1 at 2022-03-13 14:40:48 +0530
  [1m[35m (2.8ms)[0m  [1m[34mSELECT "schema_migrations"."version" FROM "schema_migrations" ORDER BY "schema_migrations"."version" ASC[0m
  ↳ /home/swaz/.rvm/gems/ruby-2.6.1/gems/activerecord-5.2.7/lib/active_record/log_subscriber.rb:98
Processing by MatchHistoriesController#index as HTML
DEPRECATION WARNING: Dangerous query method (method whose arguments are used as raw SQL) called with non-attribute argument(s): "ABS(goal_out - goal_in) ASC". Non-attribute arguments will be disallowed in Rails 6.0. This method should not be called with user-provided values, such as request parameters or model attributes. Known-safe values can be passed by wrapping them in Arel.sql(). (called from index at /home/swaz/Music/footbool_score/app/controllers/match_histories_controller.rb:6)
Completed 500 Internal Server Error in 846ms (ActiveRecord: 4.9ms)


  
NoMethodError (undefined method `present' for #<MatchHistoriesController:0x00007f7dd491bcd0>
Did you mean?  present?
               presence):
  
app/controllers/match_histories_controller.rb:7:in `index'
Started GET "/" for ::1 at 2022-03-13 14:41:23 +0530
Started GET "/" for ::1 at 2022-03-13 14:41:23 +0530
  [1m[35m (0.4ms)[0m  [1m[34mSELECT "schema_migrations"."version" FROM "schema_migrations" ORDER BY "schema_migrations"."version" ASC[0m
  ↳ /home/swaz/.rvm/gems/ruby-2.6.1/gems/activerecord-5.2.7/lib/active_record/log_subscriber.rb:98
  [1m[35m (0.4ms)[0m  [1m[34mSELECT "schema_migrations"."version" FROM "schema_migrations" ORDER BY "schema_migrations"."version" ASC[0m
  ↳ /home/swaz/.rvm/gems/ruby-2.6.1/gems/activerecord-5.2.7/lib/active_record/log_subscriber.rb:98
Processing by MatchHistoriesController#index as HTML
Processing by MatchHistoriesController#index as HTML
DEPRECATION WARNING: Dangerous query method (method whose arguments are used as raw SQL) called with non-attribute argument(s): "ABS(goal_out - goal_in) ASC". Non-attribute arguments will be disallowed in Rails 6.0. This method should not be called with user-provided values, such as request parameters or model attributes. Known-safe values can be passed by wrapping them in Arel.sql(). (called from index at /home/swaz/Music/footbool_score/app/controllers/match_histories_controller.rb:6)
DEPRECATION WARNING: Dangerous query method (method whose arguments are used as raw SQL) called with non-attribute argument(s): "ABS(goal_out - goal_in) ASC". Non-attribute arguments will be disallowed in Rails 6.0. This method should not be called with user-provided values, such as request parameters or model attributes. Known-safe values can be passed by wrapping them in Arel.sql(). (called from index at /home/swaz/Music/footbool_score/app/controllers/match_histories_controller.rb:6)
Completed 500 Internal Server Error in 95ms (ActiveRecord: 1.1ms)


Started GET "/" for ::1 at 2022-03-13 14:41:23 +0530
Completed 500 Internal Server Error in 169ms (ActiveRecord: 0.0ms)


  
  
NoMethodError (undefined method `present' for #<MatchHistoriesController:0x00007f8998810dc0>
Did you mean?  present?
               presence):
NoMethodError (undefined method `present' for #<MatchHistoriesController:0x00007f8998813cf0>
Did you mean?  present?
               presence):
  
Started GET "/" for ::1 at 2022-03-13 14:41:23 +0530
app/controllers/match_histories_controller.rb:7:in `index'
  
app/controllers/match_histories_controller.rb:7:in `index'
Processing by MatchHistoriesController#index as HTML
DEPRECATION WARNING: Dangerous query method (method whose arguments are used as raw SQL) called with non-attribute argument(s): "ABS(goal_out - goal_in) ASC". Non-attribute arguments will be disallowed in Rails 6.0. This method should not be called with user-provided values, such as request parameters or model attributes. Known-safe values can be passed by wrapping them in Arel.sql(). (called from index at /home/swaz/Music/footbool_score/app/controllers/match_histories_controller.rb:6)
Completed 500 Internal Server Error in 87ms (ActiveRecord: 0.0ms)


  
Processing by MatchHistoriesController#index as HTML
NoMethodError (undefined method `present' for #<MatchHistoriesController:0x00007f8998daa560>
Did you mean?  present?
               presence):
Completed 500 Internal Server Error in 69ms (ActiveRecord: 0.0ms)


  
  
app/controllers/match_histories_controller.rb:7:in `index'
NoMethodError (undefined method `present' for #<MatchHistoriesController:0x00007f8994027e00>
Did you mean?  present?
               presence):
  
app/controllers/match_histories_controller.rb:7:in `index'
Started GET "/" for ::1 at 2022-03-13 14:41:54 +0530
Processing by MatchHistoriesController#index as HTML
Completed 500 Internal Server Error in 77ms (ActiveRecord: 0.0ms)


  
NoMethodError (undefined method `present' for #<MatchHistoriesController:0x00007f899c1e0f00>
Did you mean?  present?
               presence):
  
app/controllers/match_histories_controller.rb:7:in `index'
Started GET "/" for ::1 at 2022-03-13 14:42:40 +0530
  [1m[35m (0.7ms)[0m  [1m[34mSELECT "schema_migrations"."version" FROM "schema_migrations" ORDER BY "schema_migrations"."version" ASC[0m
  ↳ /home/swaz/.rvm/gems/ruby-2.6.1/gems/activerecord-5.2.7/lib/active_record/log_subscriber.rb:98
Processing by MatchHistoriesController#index as HTML
DEPRECATION WARNING: Dangerous query method (method whose arguments are used as raw SQL) called with non-attribute argument(s): "ABS(goal_out - goal_in) ASC". Non-attribute arguments will be disallowed in Rails 6.0. This method should not be called with user-provided values, such as request parameters or model attributes. Known-safe values can be passed by wrapping them in Arel.sql(). (called from index at /home/swaz/Music/footbool_score/app/controllers/match_histories_controller.rb:6)
  [1m[36mMatchHistory Load (1.7ms)[0m  [1m[34mSELECT "match_histories".* FROM "match_histories" WHERE "match_histories"."team_id" IS NOT NULL ORDER BY ABS(goal_out - goal_in) ASC[0m
  ↳ app/controllers/match_histories_controller.rb:7
  [1m[36mTeam Load (1.2ms)[0m  [1m[34mSELECT "teams".* FROM "teams" WHERE "teams"."id" IN ($1, $2, $3, $4, $5, $6, $7, $8, $9, $10, $11, $12, $13, $14, $15, $16, $17, $18, $19, $20)[0m  [["id", 8], ["id", 10], ["id", 9], ["id", 11], ["id", 13], ["id", 7], ["id", 14], ["id", 12], ["id", 15], ["id", 5], ["id", 16], ["id", 4], ["id", 17], ["id", 18], ["id", 6], ["id", 19], ["id", 20], ["id", 2], ["id", 3], ["id", 1]]
  ↳ app/controllers/match_histories_controller.rb:7
Completed 406 Not Acceptable in 1703ms (ActiveRecord: 20.3ms)


  
ActionController::UnknownFormat (MatchHistoriesController#index is missing a template for this request format and variant.

request.formats: ["text/html"]
request.variant: []

NOTE! For XHR/Ajax or API requests, this action would normally respond with 204 No Content: an empty white screen. Since you're loading it in a web browser, we assume that you expected to actually render a template, not nothing, so we're showing an error to be extra-clear. If you expect 204 No Content, carry on. That's what you'll get from an XHR or API request. Give it a shot.):
  
actionpack (5.2.7) lib/action_controller/metal/implicit_render.rb:55:in `default_render'
actionpack (5.2.7) lib/action_controller/metal/basic_implicit_render.rb:6:in `block in send_action'
actionpack (5.2.7) lib/action_controller/metal/basic_implicit_render.rb:6:in `tap'
actionpack (5.2.7) lib/action_controller/metal/basic_implicit_render.rb:6:in `send_action'
actionpack (5.2.7) lib/abstract_controller/base.rb:194:in `process_action'
actionpack (5.2.7) lib/action_controller/metal/rendering.rb:30:in `process_action'
actionpack (5.2.7) lib/abstract_controller/callbacks.rb:42:in `block in process_action'
activesupport (5.2.7) lib/active_support/callbacks.rb:132:in `run_callbacks'
actionpack (5.2.7) lib/abstract_controller/callbacks.rb:41:in `process_action'
actionpack (5.2.7) lib/action_controller/metal/rescue.rb:22:in `process_action'
actionpack (5.2.7) lib/action_controller/metal/instrumentation.rb:34:in `block in process_action'
activesupport (5.2.7) lib/active_support/notifications.rb:168:in `block in instrument'
activesupport (5.2.7) lib/active_support/notifications/instrumenter.rb:23:in `instrument'
activesupport (5.2.7) lib/active_support/notifications.rb:168:in `instrument'
actionpack (5.2.7) lib/action_controller/metal/instrumentation.rb:32:in `process_action'
actionpack (5.2.7) lib/action_controller/metal/params_wrapper.rb:256:in `process_action'
activerecord (5.2.7) lib/active_record/railties/controller_runtime.rb:24:in `process_action'
actionpack (5.2.7) lib/abstract_controller/base.rb:134:in `process'
actionview (5.2.7) lib/action_view/rendering.rb:32:in `process'
actionpack (5.2.7) lib/action_controller/metal.rb:191:in `dispatch'
actionpack (5.2.7) lib/action_controller/metal.rb:252:in `dispatch'
actionpack (5.2.7) lib/action_dispatch/routing/route_set.rb:52:in `dispatch'
actionpack (5.2.7) lib/action_dispatch/routing/route_set.rb:34:in `serve'
actionpack (5.2.7) lib/action_dispatch/journey/router.rb:52:in `block in serve'
actionpack (5.2.7) lib/action_dispatch/journey/router.rb:35:in `each'
actionpack (5.2.7) lib/action_dispatch/journey/router.rb:35:in `serve'
actionpack (5.2.7) lib/action_dispatch/routing/route_set.rb:840:in `call'
rack (2.2.3) lib/rack/tempfile_reaper.rb:15:in `call'
rack (2.2.3) lib/rack/etag.rb:27:in `call'
rack (2.2.3) lib/rack/conditional_get.rb:27:in `call'
rack (2.2.3) lib/rack/head.rb:12:in `call'
actionpack (5.2.7) lib/action_dispatch/http/content_security_policy.rb:18:in `call'
rack (2.2.3) lib/rack/session/abstract/id.rb:266:in `context'
rack (2.2.3) lib/rack/session/abstract/id.rb:260:in `call'
actionpack (5.2.7) lib/action_dispatch/middleware/cookies.rb:670:in `call'
activerecord (5.2.7) lib/active_record/migration.rb:559:in `call'
actionpack (5.2.7) lib/action_dispatch/middleware/callbacks.rb:28:in `block in call'
activesupport (5.2.7) lib/active_support/callbacks.rb:98:in `run_callbacks'
actionpack (5.2.7) lib/action_dispatch/middleware/callbacks.rb:26:in `call'
actionpack (5.2.7) lib/action_dispatch/middleware/executor.rb:14:in `call'
actionpack (5.2.7) lib/action_dispatch/middleware/debug_exceptions.rb:61:in `call'
web-console (3.7.0) lib/web_console/middleware.rb:135:in `call_app'
web-console (3.7.0) lib/web_console/middleware.rb:30:in `block in call'
web-console (3.7.0) lib/web_console/middleware.rb:20:in `catch'
web-console (3.7.0) lib/web_console/middleware.rb:20:in `call'
actionpack (5.2.7) lib/action_dispatch/middleware/show_exceptions.rb:33:in `call'
railties (5.2.7) lib/rails/rack/logger.rb:38:in `call_app'
railties (5.2.7) lib/rails/rack/logger.rb:26:in `block in call'
activesupport (5.2.7) lib/active_support/tagged_logging.rb:71:in `block in tagged'
activesupport (5.2.7) lib/active_support/tagged_logging.rb:28:in `tagged'
activesupport (5.2.7) lib/active_support/tagged_logging.rb:71:in `tagged'
railties (5.2.7) lib/rails/rack/logger.rb:26:in `call'
sprockets-rails (3.4.2) lib/sprockets/rails/quiet_assets.rb:13:in `call'
actionpack (5.2.7) lib/action_dispatch/middleware/remote_ip.rb:81:in `call'
actionpack (5.2.7) lib/action_dispatch/middleware/request_id.rb:27:in `call'
rack (2.2.3) lib/rack/method_override.rb:24:in `call'
rack (2.2.3) lib/rack/runtime.rb:22:in `call'
activesupport (5.2.7) lib/active_support/cache/strategy/local_cache_middleware.rb:29:in `call'
actionpack (5.2.7) lib/action_dispatch/middleware/executor.rb:14:in `call'
actionpack (5.2.7) lib/action_dispatch/middleware/static.rb:127:in `call'
rack (2.2.3) lib/rack/sendfile.rb:110:in `call'
railties (5.2.7) lib/rails/engine.rb:524:in `call'
puma (3.12.6) lib/puma/configuration.rb:227:in `call'
puma (3.12.6) lib/puma/server.rb:706:in `handle_request'
puma (3.12.6) lib/puma/server.rb:476:in `process_client'
puma (3.12.6) lib/puma/server.rb:334:in `block in run'
puma (3.12.6) lib/puma/thread_pool.rb:135:in `block in spawn_thread'
